<?xml version="1.0" encoding="UTF-8"?>
<!-- Generated by org.testng.reporters.JUnitXMLReporter -->
<testsuite ignored="0" hostname="IBM-F4J0LQ3" failures="0" tests="4" name="Module1" time="0.022" errors="0" timestamp="30 Oct 2023 04:51:35 GMT">
  <testcase classname="Module1.Test1" name="Test" time="0.002"/>
  <testcase classname="Module1.Test1" name="f" time="0.001"/>
  <testcase classname="Module1.SampleTest2" name="NewTest" time="0.003"/>
  <testcase classname="Module1.SampleTest2" name="Newtest2" time="0.001"/>
</testsuite> <!-- Module1 -->
